#
# There is insufficient memory for the Java Runtime Environment to continue.
# Native memory allocation (mmap) failed to map 266338304 bytes. Error detail: G1 virtual space
# Possible reasons:
#   The system is out of physical RAM or swap space
#   This process is running with CompressedOops enabled, and the Java Heap may be blocking the growth of the native heap
# Possible solutions:
#   Reduce memory load on the system
#   Increase physical memory or swap space
#   Check if swap backing store is full
#   Decrease Java heap size (-Xmx/-Xms)
#   Decrease number of Java threads
#   Decrease Java thread stack sizes (-Xss)
#   Set larger code cache with -XX:ReservedCodeCacheSize=
#   JVM is running with Zero Based Compressed Oops mode in which the Java heap is
#     placed in the first 32GB address space. The Java Heap base address is the
#     maximum limit for the native heap growth. Please use -XX:HeapBaseMinAddress
#     to set the Java Heap base and to place the Java Heap above 32GB virtual address.
# This output file may be truncated or incomplete.
#
#  Out of Memory Error (os_windows.cpp:3815), pid=3340, tid=18736
#
# JRE version:  (21.0.3) (build )
# Java VM: OpenJDK 64-Bit Server VM (21.0.3+-12282718-b509.11, mixed mode, sharing, tiered, compressed oops, compressed class ptrs, g1 gc, windows-amd64)
# No core dump will be written. Minidumps are not enabled by default on client versions of Windows
#

---------------  S U M M A R Y ------------

Command Line: org.jetbrains.kotlin.cli.jvm.K2JVMCompiler @C:\Users\andre\Downloads\dMovilesTrabajoGrupal-version2\dMovilesTrabajoGrupal-version2\app\build\20241208_9415966362192344359.compiler.options

Host: Intel(R) Core(TM) i5-10300H CPU @ 2.50GHz, 8 cores, 15G,  Windows 11 , 64 bit Build 26100 (10.0.26100.2454)
Time: Sun Dec  8 22:57:46 2024 Hora est. Pacífico, Sudamérica elapsed time: 2.020798 seconds (0d 0h 0m 2s)

---------------  T H R E A D  ---------------

Current thread (0x00000270a80f2290):  JavaThread "Unknown thread" [_thread_in_vm, id=18736, stack(0x000000f631800000,0x000000f631900000) (1024K)]

Stack: [0x000000f631800000,0x000000f631900000]
Native frames: (J=compiled Java code, j=interpreted, Vv=VM code, C=native code)
V  [jvm.dll+0x6cafb9]
V  [jvm.dll+0x858523]
V  [jvm.dll+0x85aa7e]
V  [jvm.dll+0x85b163]
V  [jvm.dll+0x27d356]
V  [jvm.dll+0x6c7865]
V  [jvm.dll+0x6bbd3a]
V  [jvm.dll+0x35199b]
V  [jvm.dll+0x3595d6]
V  [jvm.dll+0x3aa826]
V  [jvm.dll+0x3aaaf8]
V  [jvm.dll+0x3240bc]
V  [jvm.dll+0x324dab]
V  [jvm.dll+0x81fd89]
V  [jvm.dll+0x3b7c08]
V  [jvm.dll+0x80921d]
V  [jvm.dll+0x44c05e]
V  [jvm.dll+0x44d6b1]
C  [jli.dll+0x52ab]
C  [ucrtbase.dll+0x14ea0]
C  [KERNEL32.DLL+0x2e8d7]
C  [ntdll.dll+0xdfbcc]


---------------  P R O C E S S  ---------------

Threads class SMR info:
_java_thread_list=0x00007ffd6a6157c8, length=0, elements={
}

Java Threads: ( => current thread )
Total: 0

Other Threads:
  0x00000270a830df80 WorkerThread "GC Thread#0"                     [id=5596, stack(0x000000f631900000,0x000000f631a00000) (1024K)]
  0x00000270a831f4f0 ConcurrentGCThread "G1 Main Marker"            [id=21664, stack(0x000000f631a00000,0x000000f631b00000) (1024K)]
  0x00000270a8320e30 WorkerThread "G1 Conc#0"                       [id=7736, stack(0x000000f631b00000,0x000000f631c00000) (1024K)]

[error occurred during error reporting (printing all threads), id 0xc0000005, EXCEPTION_ACCESS_VIOLATION (0xc0000005) at pc=0x00007ffd69e17197]
VM state: not at safepoint (not fully initialized)

VM Mutex/Monitor currently owned by a thread:  ([mutex/lock_event])
[0x00007ffd6a6821c8] Heap_lock - owner thread: 0x00000270a80f2290

Heap address: 0x0000000702800000, size: 4056 MB, Compressed Oops mode: Zero based, Oop shift amount: 3

CDS archive(s) mapped at: [0x0000000000000000-0x0000000000000000-0x0000000000000000), size 0, SharedBaseAddress: 0x0000000800000000, ArchiveRelocationMode: 1.
Narrow klass base: 0x0000000000000000, Narrow klass shift: 0, Narrow klass range: 0x0

GC Precious Log:
 CardTable entry size: 512
 Card Set container configuration: InlinePtr #cards 4 size 8 Array Of Cards #cards 16 size 48 Howl #buckets 8 coarsen threshold 3686 Howl Bitmap #cards 512 size 80 coarsen threshold 460 Card regions per heap region 1 cards per card region 4096

Heap:
 garbage-first heap   total 0K, used 0K [0x0000000702800000, 0x0000000800000000)
  region size 2048K, 0 young (0K), 0 survivors (0K)
 Metaspace       used 0K, committed 0K, reserved 0K
  class space    used 0K, committed 0K, reserved 0K

Heap Regions: E=young(eden), S=young(survivor), O=old, HS=humongous(starts), HC=humongous(continues), CS=collection set, F=free, TAMS=top-at-mark-start, PB=parsable bottom

Card table byte_map: [0x00000270bce50000,0x00000270bd640000] _byte_map_base: 0x00000270b963c000

Marking Bits: (CMBitMap*) 0x00000270a830ee90
 Bits: [0x00000270bd640000, 0x00000270c15a0000)

GC Heap History (0 events):
No events

Dll operation events (1 events):
Event: 0.005 Loaded shared library D:\apps\Android Estudio\New installed\jbr\bin\java.dll

Deoptimization events (0 events):
No events

Classes loaded (0 events):
No events

Classes unloaded (0 events):
No events

Classes redefined (0 events):
No events

Internal exceptions (0 events):
No events

ZGC Phase Switch (0 events):
No events

VM Operations (0 events):
No events

Events (0 events):
No events


Dynamic libraries:
0x00007ff679bf0000 - 0x00007ff679bfa000 	D:\apps\Android Estudio\New installed\jbr\bin\java.exe
0x00007ffe303a0000 - 0x00007ffe30603000 	C:\WINDOWS\SYSTEM32\ntdll.dll
0x00007ffe2f2e0000 - 0x00007ffe2f3a8000 	C:\WINDOWS\System32\KERNEL32.DLL
0x00007ffe2dd80000 - 0x00007ffe2e132000 	C:\WINDOWS\System32\KERNELBASE.dll
0x00007ffe2d8d0000 - 0x00007ffe2da1b000 	C:\WINDOWS\System32\ucrtbase.dll
0x00007ffdf4f60000 - 0x00007ffdf4f78000 	D:\apps\Android Estudio\New installed\jbr\bin\jli.dll
0x00007ffe13dc0000 - 0x00007ffe13ddb000 	D:\apps\Android Estudio\New installed\jbr\bin\VCRUNTIME140.dll
0x00007ffe2e6f0000 - 0x00007ffe2e8b8000 	C:\WINDOWS\System32\USER32.dll
0x00007ffe15110000 - 0x00007ffe153a0000 	C:\WINDOWS\WinSxS\amd64_microsoft.windows.common-controls_6595b64144ccf1df_6.0.26100.2454_none_3e0b68a2e331ad60\COMCTL32.dll
0x00007ffe2d8a0000 - 0x00007ffe2d8c7000 	C:\WINDOWS\System32\win32u.dll
0x00007ffe2e220000 - 0x00007ffe2e2c9000 	C:\WINDOWS\System32\msvcrt.dll
0x00007ffe2fdc0000 - 0x00007ffe2fdea000 	C:\WINDOWS\System32\GDI32.dll
0x00007ffe2d770000 - 0x00007ffe2d89b000 	C:\WINDOWS\System32\gdi32full.dll
0x00007ffe2dc30000 - 0x00007ffe2dcd3000 	C:\WINDOWS\System32\msvcp_win.dll
0x00007ffe2e8c0000 - 0x00007ffe2e8ef000 	C:\WINDOWS\System32\IMM32.DLL
0x00007ffe15d00000 - 0x00007ffe15d0c000 	D:\apps\Android Estudio\New installed\jbr\bin\vcruntime140_1.dll
0x00007ffdc70a0000 - 0x00007ffdc712d000 	D:\apps\Android Estudio\New installed\jbr\bin\msvcp140.dll
0x00007ffd69ae0000 - 0x00007ffd6a75d000 	D:\apps\Android Estudio\New installed\jbr\bin\server\jvm.dll
0x00007ffe2f530000 - 0x00007ffe2f5e4000 	C:\WINDOWS\System32\ADVAPI32.dll
0x00007ffe2fd00000 - 0x00007ffe2fda6000 	C:\WINDOWS\System32\sechost.dll
0x00007ffe2f410000 - 0x00007ffe2f526000 	C:\WINDOWS\System32\RPCRT4.dll
0x00007ffe2f1c0000 - 0x00007ffe2f234000 	C:\WINDOWS\System32\WS2_32.dll
0x00007ffe2c3f0000 - 0x00007ffe2c43e000 	C:\WINDOWS\SYSTEM32\POWRPROF.dll
0x00007ffe207d0000 - 0x00007ffe207db000 	C:\WINDOWS\SYSTEM32\VERSION.dll
0x00007ffe1b810000 - 0x00007ffe1b846000 	C:\WINDOWS\SYSTEM32\WINMM.dll
0x00007ffe2c3d0000 - 0x00007ffe2c3e4000 	C:\WINDOWS\SYSTEM32\UMPDC.dll
0x00007ffe2c690000 - 0x00007ffe2c6aa000 	C:\WINDOWS\SYSTEM32\kernel.appcore.dll
0x00007ffe12880000 - 0x00007ffe1288a000 	D:\apps\Android Estudio\New installed\jbr\bin\jimage.dll
0x00007ffe2a950000 - 0x00007ffe2ab91000 	C:\WINDOWS\SYSTEM32\DBGHELP.DLL
0x00007ffe2ecb0000 - 0x00007ffe2f02e000 	C:\WINDOWS\System32\combase.dll
0x00007ffe2ebd0000 - 0x00007ffe2eca6000 	C:\WINDOWS\System32\OLEAUT32.dll
0x00007ffe0e240000 - 0x00007ffe0e279000 	C:\WINDOWS\SYSTEM32\dbgcore.DLL
0x00007ffe2dce0000 - 0x00007ffe2dd79000 	C:\WINDOWS\System32\bcryptPrimitives.dll
0x00007ffe0bb90000 - 0x00007ffe0bbaf000 	D:\apps\Android Estudio\New installed\jbr\bin\java.dll

dbghelp: loaded successfully - version: 4.0.5 - missing functions: none
symbol engine: initialized successfully - sym options: 0x614 - pdb path: .;D:\apps\Android Estudio\New installed\jbr\bin;C:\WINDOWS\SYSTEM32;C:\WINDOWS\WinSxS\amd64_microsoft.windows.common-controls_6595b64144ccf1df_6.0.26100.2454_none_3e0b68a2e331ad60;D:\apps\Android Estudio\New installed\jbr\bin\server

VM Arguments:
java_command: org.jetbrains.kotlin.cli.jvm.K2JVMCompiler @C:\Users\andre\Downloads\dMovilesTrabajoGrupal-version2\dMovilesTrabajoGrupal-version2\app\build\20241208_9415966362192344359.compiler.options
java_class_path (initial): C:\Users\andre\.gradle\caches\modules-2\files-2.1\org.jetbrains.kotlin\kotlin-compiler-embeddable\1.9.24\78dab849090e6c5e2eadb6e59a11cdc28fb67a08\kotlin-compiler-embeddable-1.9.24.jar;C:\Users\andre\.gradle\caches\modules-2\files-2.1\org.jetbrains.kotlin\kotlin-stdlib\1.9.24\9928532f12c66ad816a625b3f9984f8368ca6d2b\kotlin-stdlib-1.9.24.jar;C:\Users\andre\.gradle\caches\modules-2\files-2.1\org.jetbrains.kotlin\kotlin-script-runtime\1.9.24\96771497da90fbc5af1c90fce148db2595a62502\kotlin-script-runtime-1.9.24.jar;C:\Users\andre\.gradle\caches\modules-2\files-2.1\org.jetbrains.kotlin\kotlin-reflect\1.6.10\1cbe9c92c12a94eea200d23c2bbaedaf3daf5132\kotlin-reflect-1.6.10.jar;C:\Users\andre\.gradle\caches\modules-2\files-2.1\org.jetbrains.kotlin\kotlin-daemon-embeddable\1.9.24\86685b9c5e8d170925bd9ddbdc263374a6a73281\kotlin-daemon-embeddable-1.9.24.jar;C:\Users\andre\.gradle\caches\modules-2\files-2.1\org.jetbrains.intellij.deps\trove4j\1.0.20200330\3afb14d5f9ceb459d724e907a21145e8ff394f02\trove4j-1.0.20200330.jar;C:\Users\andre\.gradle\caches\modules-2\files-2.1\org.jetbrains\annotations\13.0\919f0dfe192fb4e063e7dacadee7f8bb9a2672a9\annotations-13.0.jar
Launcher Type: SUN_STANDARD

[Global flags]
     intx CICompilerCount                          = 4                                         {product} {ergonomic}
     uint ConcGCThreads                            = 2                                         {product} {ergonomic}
     uint G1ConcRefinementThreads                  = 8                                         {product} {ergonomic}
   size_t G1HeapRegionSize                         = 2097152                                   {product} {ergonomic}
    uintx GCDrainStackTargetSize                   = 64                                        {product} {ergonomic}
   size_t InitialHeapSize                          = 266338304                                 {product} {ergonomic}
   size_t MarkStackSize                            = 4194304                                   {product} {ergonomic}
   size_t MaxHeapSize                              = 4253024256                                {product} {ergonomic}
   size_t MinHeapDeltaBytes                        = 2097152                                   {product} {ergonomic}
   size_t MinHeapSize                              = 8388608                                   {product} {ergonomic}
    uintx NonNMethodCodeHeapSize                   = 5839372                                {pd product} {ergonomic}
    uintx NonProfiledCodeHeapSize                  = 122909434                              {pd product} {ergonomic}
    uintx ProfiledCodeHeapSize                     = 122909434                              {pd product} {ergonomic}
    uintx ReservedCodeCacheSize                    = 251658240                              {pd product} {ergonomic}
     bool SegmentedCodeCache                       = true                                      {product} {ergonomic}
   size_t SoftMaxHeapSize                          = 4253024256                             {manageable} {ergonomic}
     bool UseCompressedOops                        = true                           {product lp64_product} {ergonomic}
     bool UseG1GC                                  = true                                      {product} {ergonomic}
     bool UseLargePagesIndividualAllocation        = false                                  {pd product} {ergonomic}

Logging:
Log output configuration:
 #0: stdout all=warning uptime,level,tags foldmultilines=false
 #1: stderr all=off uptime,level,tags foldmultilines=false

Environment Variables:
JAVA_HOME=C:\Program Files\Eclipse Adoptium\jdk-17.0.13.11-hotspot\
PATH=C:\Python312\Scripts\;C:\Python312\;C:\Program Files\Eclipse Adoptium\jdk-17.0.13.11-hotspot\bin;C:\Program Files\Common Files\Oracle\Java\javapath;C:\Windows\system32;C:\Windows;C:\Windows\System32\Wbem;C:\Windows\System32\WindowsPowerShell\v1.0\;C:\Windows\System32\OpenSSH\;C:\Program Files (x86)\NVIDIA Corporation\PhysX\Common;C:\WINDOWS\system32;C:\WINDOWS;C:\WINDOWS\System32\Wbem;C:\WINDOWS\System32\WindowsPowerShell\v1.0\;C:\WINDOWS\System32\OpenSSH\;D:\apps\Mven\apache-maven-3.9.5-bin\apache-maven-3.9.5\bin;C:\Program Files\dotnet\;C:\FFMPEG;C:\Program Files (x86)\Microsoft SQL Server\160\Tools\Binn\;C:\Program Files\Microsoft SQL Server\160\Tools\Binn\;C:\Program Files\Microsoft SQL Server\Client SDK\ODBC\170\Tools\Binn\;C:\Program Files\Microsoft SQL Server\160\DTS\Binn\;C:\Program Files (x86)\Microsoft SQL Server\160\DTS\Binn\;D:\apps\Git\installed\Git\cmd;C:\Program Files\Docker\Docker\resources\bin;D:\apps\Node JS\installed\;C:\ProgramData\chocolatey\bin;D:\apps\Gradle\gradle-8.10.2-all\gradle-8.10.2\bin;C:\Program Files\NVIDIA Corporation\NVIDIA app\NvDLISR;C:\Users\andre\AppData\Local\Android\Sdk\platform-tools;C:\Users\andre\AppData\Local\Android\Sdk\tools;C:\Users\andre\AppData\Local\Programs\Python\Python311\Scripts\;C:\Users\andre\AppData\Local\Programs\Python\Python311\;C:\Users\andre\AppData\Local\Programs\Python\Launcher\;C:\Users\andre\AppData\Local\Microsoft\WindowsApps;;D:\apps\VStudio Code\installed\Microsoft VS Code\bin;C:\Users\andre\AppData\Roaming\npm
USERNAME=andre
OS=Windows_NT
PROCESSOR_IDENTIFIER=Intel64 Family 6 Model 165 Stepping 2, GenuineIntel
TMP=C:\Users\andre\AppData\Local\Temp
TEMP=C:\Users\andre\AppData\Local\Temp




Periodic native trim disabled

JNI global refs:
JNI global refs: 0, weak refs: 0

JNI global refs memory usage: 0, weak refs: 0

Process memory usage:
Resident Set Size: 12744K (0% of 16610312K total physical memory with 3668688K free physical memory)

OOME stack traces (most recent first):
Classloader memory used:

---------------  S Y S T E M  ---------------

OS:
 Windows 11 , 64 bit Build 26100 (10.0.26100.2454)
OS uptime: 0 days 10:43 hours
Hyper-V role detected

CPU: total 8 (initial active 8) (4 cores per cpu, 2 threads per core) family 6 model 165 stepping 2 microcode 0xe0, cx8, cmov, fxsr, ht, mmx, 3dnowpref, sse, sse2, sse3, ssse3, sse4.1, sse4.2, popcnt, lzcnt, tsc, tscinvbit, avx, avx2, aes, erms, clmul, bmi1, bmi2, adx, fma, vzeroupper, clflush, clflushopt, hv, rdtscp, f16c
Processor Information for all 8 processors :
  Max Mhz: 2496, Current Mhz: 2496, Mhz Limit: 2496

Memory: 4k page, system-wide physical 16221M (3582M free)
TotalPageFile size 18269M (AvailPageFile size 101M)
current process WorkingSet (physical memory assigned to process): 12M, peak: 12M
current process commit charge ("private bytes"): 60M, peak: 314M

vm_info: OpenJDK 64-Bit Server VM (21.0.3+-12282718-b509.11) for windows-amd64 JRE (21.0.3+-12282718-b509.11), built on 2024-08-27T17:34:15Z by "builder" with MS VC++ 16.10 / 16.11 (VS2019)

END.
